Performing C++ SOURCE FILE Test GEM_HAS_WX failed with the following output:
Change Dir: /Users/Romain/Gem/build/CMakeFiles/CMakeTmp

Run Build Command:"/usr/bin/make" "cmTC_cd473/fast"
/Applications/Xcode.app/Contents/Developer/usr/bin/make -f CMakeFiles/cmTC_cd473.dir/build.make CMakeFiles/cmTC_cd473.dir/build
Building CXX object CMakeFiles/cmTC_cd473.dir/src.cxx.o
/usr/local/bin/g++-6    -DGEM_HAS_WX   -WX -o CMakeFiles/cmTC_cd473.dir/src.cxx.o -c /Users/Romain/Gem/build/CMakeFiles/CMakeTmp/src.cxx
g++-6: error: unrecognized command line option '-WX'; did you mean '-W'?
make[1]: *** [CMakeFiles/cmTC_cd473.dir/src.cxx.o] Error 1
make: *** [cmTC_cd473/fast] Error 2

Source file was:
int main() { return 0; }
Performing C++ SOURCE FILE Test GEM_HAS_QUNUSED_ARGUMENTS failed with the following output:
Change Dir: /Users/Romain/Gem/build/CMakeFiles/CMakeTmp

Run Build Command:"/usr/bin/make" "cmTC_ea136/fast"
/Applications/Xcode.app/Contents/Developer/usr/bin/make -f CMakeFiles/cmTC_ea136.dir/build.make CMakeFiles/cmTC_ea136.dir/build
Building CXX object CMakeFiles/cmTC_ea136.dir/src.cxx.o
/usr/local/bin/g++-6    -DGEM_HAS_QUNUSED_ARGUMENTS   -Qunused-arguments -o CMakeFiles/cmTC_ea136.dir/src.cxx.o -c /Users/Romain/Gem/build/CMakeFiles/CMakeTmp/src.cxx
g++-6: error: unrecognized command line option '-Qunused-arguments'; did you mean '-Wunused-argument'?
make[1]: *** [CMakeFiles/cmTC_ea136.dir/src.cxx.o] Error 1
make: *** [cmTC_ea136/fast] Error 2

Source file was:
int main() { return 0; }
