The system is: Darwin - 15.6.0 - x86_64
Compiling the CXX compiler identification source file "CMakeCXXCompilerId.cpp" succeeded.
Compiler: /usr/local/bin/g++-6 
Build flags: 
Id flags: 

The output was:
0


Compilation of the CXX compiler identification source "CMakeCXXCompilerId.cpp" produced "a.out"

The CXX compiler identification is GNU, found in "/Users/Romain/Gem/build/CMakeFiles/3.3.2/CompilerIdCXX/a.out"

Determining if the CXX compiler works passed with the following output:
Change Dir: /Users/Romain/Gem/build/CMakeFiles/CMakeTmp

Run Build Command:"/usr/bin/make" "cmTC_f8d94/fast"
/Applications/Xcode.app/Contents/Developer/usr/bin/make -f CMakeFiles/cmTC_f8d94.dir/build.make CMakeFiles/cmTC_f8d94.dir/build
Building CXX object CMakeFiles/cmTC_f8d94.dir/testCXXCompiler.cxx.o
/usr/local/bin/g++-6     -o CMakeFiles/cmTC_f8d94.dir/testCXXCompiler.cxx.o -c /Users/Romain/Gem/build/CMakeFiles/CMakeTmp/testCXXCompiler.cxx
Linking CXX executable cmTC_f8d94
/Applications/CMake.app/Contents/bin/cmake -E cmake_link_script CMakeFiles/cmTC_f8d94.dir/link.txt --verbose=1
/usr/local/bin/g++-6     -Wl,-search_paths_first -Wl,-headerpad_max_install_names   CMakeFiles/cmTC_f8d94.dir/testCXXCompiler.cxx.o  -o cmTC_f8d94  


Detecting CXX compiler ABI info compiled with the following output:
Change Dir: /Users/Romain/Gem/build/CMakeFiles/CMakeTmp

Run Build Command:"/usr/bin/make" "cmTC_aaf9b/fast"
/Applications/Xcode.app/Contents/Developer/usr/bin/make -f CMakeFiles/cmTC_aaf9b.dir/build.make CMakeFiles/cmTC_aaf9b.dir/build
Building CXX object CMakeFiles/cmTC_aaf9b.dir/CMakeCXXCompilerABI.cpp.o
/usr/local/bin/g++-6     -o CMakeFiles/cmTC_aaf9b.dir/CMakeCXXCompilerABI.cpp.o -c /Applications/CMake.app/Contents/share/cmake-3.3/Modules/CMakeCXXCompilerABI.cpp
Linking CXX executable cmTC_aaf9b
/Applications/CMake.app/Contents/bin/cmake -E cmake_link_script CMakeFiles/cmTC_aaf9b.dir/link.txt --verbose=1
/usr/local/bin/g++-6     -Wl,-search_paths_first -Wl,-headerpad_max_install_names  -v -Wl,-v CMakeFiles/cmTC_aaf9b.dir/CMakeCXXCompilerABI.cpp.o  -o cmTC_aaf9b   
Using built-in specs.
COLLECT_GCC=/usr/local/bin/g++-6
COLLECT_LTO_WRAPPER=/usr/local/Cellar/gcc/6.2.0/libexec/gcc/x86_64-apple-darwin15.6.0/6.2.0/lto-wrapper
Target: x86_64-apple-darwin15.6.0
Configured with: ../configure --build=x86_64-apple-darwin15.6.0 --prefix=/usr/local/Cellar/gcc/6.2.0 --libdir=/usr/local/Cellar/gcc/6.2.0/lib/gcc/6 --enable-languages=c,c++,objc,obj-c++,fortran --program-suffix=-6 --with-gmp=/usr/local/opt/gmp --with-mpfr=/usr/local/opt/mpfr --with-mpc=/usr/local/opt/libmpc --with-isl=/usr/local/opt/isl --with-system-zlib --enable-libstdcxx-time=yes --enable-stage1-checking --enable-checking=release --enable-lto --with-build-config=bootstrap-debug --disable-werror --with-pkgversion='Homebrew gcc 6.2.0' --with-bugurl=https://github.com/Homebrew/homebrew/issues --enable-plugin --disable-nls --enable-multilib
Thread model: posix
gcc version 6.2.0 (Homebrew gcc 6.2.0) 
COMPILER_PATH=/usr/local/Cellar/gcc/6.2.0/libexec/gcc/x86_64-apple-darwin15.6.0/6.2.0/:/usr/local/Cellar/gcc/6.2.0/libexec/gcc/x86_64-apple-darwin15.6.0/6.2.0/:/usr/local/Cellar/gcc/6.2.0/libexec/gcc/x86_64-apple-darwin15.6.0/:/usr/local/Cellar/gcc/6.2.0/lib/gcc/6/gcc/x86_64-apple-darwin15.6.0/6.2.0/:/usr/local/Cellar/gcc/6.2.0/lib/gcc/6/gcc/x86_64-apple-darwin15.6.0/
LIBRARY_PATH=/opt/intel//compilers_and_libraries_2016.2.146/mac/compiler/lib/:/opt/intel//compilers_and_libraries_2016.2.146/mac/mkl/lib/:/usr/local/Cellar/gcc/6.2.0/lib/gcc/6/gcc/x86_64-apple-darwin15.6.0/6.2.0/:/usr/local/Cellar/gcc/6.2.0/lib/gcc/6/gcc/x86_64-apple-darwin15.6.0/6.2.0/../../../
COLLECT_GCC_OPTIONS='-v' '-o' 'cmTC_aaf9b' '-mmacosx-version-min=10.11.6' '-shared-libgcc' '-mtune=core2'
 /usr/local/Cellar/gcc/6.2.0/libexec/gcc/x86_64-apple-darwin15.6.0/6.2.0/collect2 -dynamic -arch x86_64 -macosx_version_min 10.11.6 -weak_reference_mismatches non-weak -o cmTC_aaf9b -L/opt/intel//compilers_and_libraries_2016.2.146/mac/compiler/lib -L/opt/intel//compilers_and_libraries_2016.2.146/mac/mkl/lib -L/usr/local/Cellar/gcc/6.2.0/lib/gcc/6/gcc/x86_64-apple-darwin15.6.0/6.2.0 -L/usr/local/Cellar/gcc/6.2.0/lib/gcc/6/gcc/x86_64-apple-darwin15.6.0/6.2.0/../../.. -search_paths_first -headerpad_max_install_names -v CMakeFiles/cmTC_aaf9b.dir/CMakeCXXCompilerABI.cpp.o -lstdc++ -no_compact_unwind -lSystem -lgcc_ext.10.5 -lgcc -lSystem -v
collect2 version 6.2.0
/usr/bin/ld -dynamic -arch x86_64 -macosx_version_min 10.11.6 -weak_reference_mismatches non-weak -o cmTC_aaf9b -L/opt/intel//compilers_and_libraries_2016.2.146/mac/compiler/lib -L/opt/intel//compilers_and_libraries_2016.2.146/mac/mkl/lib -L/usr/local/Cellar/gcc/6.2.0/lib/gcc/6/gcc/x86_64-apple-darwin15.6.0/6.2.0 -L/usr/local/Cellar/gcc/6.2.0/lib/gcc/6/gcc/x86_64-apple-darwin15.6.0/6.2.0/../../.. -search_paths_first -headerpad_max_install_names -v CMakeFiles/cmTC_aaf9b.dir/CMakeCXXCompilerABI.cpp.o -lstdc++ -no_compact_unwind -lSystem -lgcc_ext.10.5 -lgcc -lSystem -v
@(#)PROGRAM:ld  PROJECT:ld64-264.3.102
configured to support archs: armv6 armv7 armv7s arm64 i386 x86_64 x86_64h armv6m armv7k armv7m armv7em (tvOS)
@(#)PROGRAM:ld  PROJECT:ld64-264.3.102
configured to support archs: armv6 armv7 armv7s arm64 i386 x86_64 x86_64h armv6m armv7k armv7m armv7em (tvOS)
Library search paths:
	/opt/intel//compilers_and_libraries_2016.2.146/mac/compiler/lib
	/opt/intel//compilers_and_libraries_2016.2.146/mac/mkl/lib
	/usr/local/Cellar/gcc/6.2.0/lib/gcc/6/gcc/x86_64-apple-darwin15.6.0/6.2.0
	/usr/local/Cellar/gcc/6.2.0/lib/gcc/6
	/usr/lib
	/usr/local/lib
Framework search paths:
	/Library/Frameworks/
	/System/Library/Frameworks/
 /usr/bin/nm -n CMakeFiles/cmTC_aaf9b.dir/CMakeCXXCompilerABI.cpp.o


Parsed CXX implicit link information from above output:
  link line regex: [^( *|.*[/\])(ld|([^/\]+-)?ld|collect2)[^/\]*( |$)]
  ignore line: [Change Dir: /Users/Romain/Gem/build/CMakeFiles/CMakeTmp]
  ignore line: []
  ignore line: [Run Build Command:"/usr/bin/make" "cmTC_aaf9b/fast"]
  ignore line: [/Applications/Xcode.app/Contents/Developer/usr/bin/make -f CMakeFiles/cmTC_aaf9b.dir/build.make CMakeFiles/cmTC_aaf9b.dir/build]
  ignore line: [Building CXX object CMakeFiles/cmTC_aaf9b.dir/CMakeCXXCompilerABI.cpp.o]
  ignore line: [/usr/local/bin/g++-6     -o CMakeFiles/cmTC_aaf9b.dir/CMakeCXXCompilerABI.cpp.o -c /Applications/CMake.app/Contents/share/cmake-3.3/Modules/CMakeCXXCompilerABI.cpp]
  ignore line: [Linking CXX executable cmTC_aaf9b]
  ignore line: [/Applications/CMake.app/Contents/bin/cmake -E cmake_link_script CMakeFiles/cmTC_aaf9b.dir/link.txt --verbose=1]
  ignore line: [/usr/local/bin/g++-6     -Wl,-search_paths_first -Wl,-headerpad_max_install_names  -v -Wl,-v CMakeFiles/cmTC_aaf9b.dir/CMakeCXXCompilerABI.cpp.o  -o cmTC_aaf9b   ]
  ignore line: [Using built-in specs.]
  ignore line: [COLLECT_GCC=/usr/local/bin/g++-6]
  ignore line: [COLLECT_LTO_WRAPPER=/usr/local/Cellar/gcc/6.2.0/libexec/gcc/x86_64-apple-darwin15.6.0/6.2.0/lto-wrapper]
  ignore line: [Target: x86_64-apple-darwin15.6.0]
  ignore line: [Configured with: ../configure --build=x86_64-apple-darwin15.6.0 --prefix=/usr/local/Cellar/gcc/6.2.0 --libdir=/usr/local/Cellar/gcc/6.2.0/lib/gcc/6 --enable-languages=c,c++,objc,obj-c++,fortran --program-suffix=-6 --with-gmp=/usr/local/opt/gmp --with-mpfr=/usr/local/opt/mpfr --with-mpc=/usr/local/opt/libmpc --with-isl=/usr/local/opt/isl --with-system-zlib --enable-libstdcxx-time=yes --enable-stage1-checking --enable-checking=release --enable-lto --with-build-config=bootstrap-debug --disable-werror --with-pkgversion='Homebrew gcc 6.2.0' --with-bugurl=https://github.com/Homebrew/homebrew/issues --enable-plugin --disable-nls --enable-multilib]
  ignore line: [Thread model: posix]
  ignore line: [gcc version 6.2.0 (Homebrew gcc 6.2.0) ]
  ignore line: [COMPILER_PATH=/usr/local/Cellar/gcc/6.2.0/libexec/gcc/x86_64-apple-darwin15.6.0/6.2.0/:/usr/local/Cellar/gcc/6.2.0/libexec/gcc/x86_64-apple-darwin15.6.0/6.2.0/:/usr/local/Cellar/gcc/6.2.0/libexec/gcc/x86_64-apple-darwin15.6.0/:/usr/local/Cellar/gcc/6.2.0/lib/gcc/6/gcc/x86_64-apple-darwin15.6.0/6.2.0/:/usr/local/Cellar/gcc/6.2.0/lib/gcc/6/gcc/x86_64-apple-darwin15.6.0/]
  ignore line: [LIBRARY_PATH=/opt/intel//compilers_and_libraries_2016.2.146/mac/compiler/lib/:/opt/intel//compilers_and_libraries_2016.2.146/mac/mkl/lib/:/usr/local/Cellar/gcc/6.2.0/lib/gcc/6/gcc/x86_64-apple-darwin15.6.0/6.2.0/:/usr/local/Cellar/gcc/6.2.0/lib/gcc/6/gcc/x86_64-apple-darwin15.6.0/6.2.0/../../../]
  ignore line: [COLLECT_GCC_OPTIONS='-v' '-o' 'cmTC_aaf9b' '-mmacosx-version-min=10.11.6' '-shared-libgcc' '-mtune=core2']
  link line: [ /usr/local/Cellar/gcc/6.2.0/libexec/gcc/x86_64-apple-darwin15.6.0/6.2.0/collect2 -dynamic -arch x86_64 -macosx_version_min 10.11.6 -weak_reference_mismatches non-weak -o cmTC_aaf9b -L/opt/intel//compilers_and_libraries_2016.2.146/mac/compiler/lib -L/opt/intel//compilers_and_libraries_2016.2.146/mac/mkl/lib -L/usr/local/Cellar/gcc/6.2.0/lib/gcc/6/gcc/x86_64-apple-darwin15.6.0/6.2.0 -L/usr/local/Cellar/gcc/6.2.0/lib/gcc/6/gcc/x86_64-apple-darwin15.6.0/6.2.0/../../.. -search_paths_first -headerpad_max_install_names -v CMakeFiles/cmTC_aaf9b.dir/CMakeCXXCompilerABI.cpp.o -lstdc++ -no_compact_unwind -lSystem -lgcc_ext.10.5 -lgcc -lSystem -v]
    arg [/usr/local/Cellar/gcc/6.2.0/libexec/gcc/x86_64-apple-darwin15.6.0/6.2.0/collect2] ==> ignore
    arg [-dynamic] ==> ignore
    arg [-arch] ==> ignore
    arg [x86_64] ==> ignore
    arg [-macosx_version_min] ==> ignore
    arg [10.11.6] ==> ignore
    arg [-weak_reference_mismatches] ==> ignore
    arg [non-weak] ==> ignore
    arg [-o] ==> ignore
    arg [cmTC_aaf9b] ==> ignore
    arg [-L/opt/intel//compilers_and_libraries_2016.2.146/mac/compiler/lib] ==> dir [/opt/intel//compilers_and_libraries_2016.2.146/mac/compiler/lib]
    arg [-L/opt/intel//compilers_and_libraries_2016.2.146/mac/mkl/lib] ==> dir [/opt/intel//compilers_and_libraries_2016.2.146/mac/mkl/lib]
    arg [-L/usr/local/Cellar/gcc/6.2.0/lib/gcc/6/gcc/x86_64-apple-darwin15.6.0/6.2.0] ==> dir [/usr/local/Cellar/gcc/6.2.0/lib/gcc/6/gcc/x86_64-apple-darwin15.6.0/6.2.0]
    arg [-L/usr/local/Cellar/gcc/6.2.0/lib/gcc/6/gcc/x86_64-apple-darwin15.6.0/6.2.0/../../..] ==> dir [/usr/local/Cellar/gcc/6.2.0/lib/gcc/6/gcc/x86_64-apple-darwin15.6.0/6.2.0/../../..]
    arg [-search_paths_first] ==> ignore
    arg [-headerpad_max_install_names] ==> ignore
    arg [-v] ==> ignore
    arg [CMakeFiles/cmTC_aaf9b.dir/CMakeCXXCompilerABI.cpp.o] ==> ignore
    arg [-lstdc++] ==> lib [stdc++]
    arg [-no_compact_unwind] ==> ignore
    arg [-lSystem] ==> lib [System]
    arg [-lgcc_ext.10.5] ==> lib [gcc_ext.10.5]
    arg [-lgcc] ==> lib [gcc]
    arg [-lSystem] ==> lib [System]
    arg [-v] ==> ignore
  Library search paths: [;/opt/intel//compilers_and_libraries_2016.2.146/mac/compiler/lib;/opt/intel//compilers_and_libraries_2016.2.146/mac/mkl/lib;/usr/local/Cellar/gcc/6.2.0/lib/gcc/6/gcc/x86_64-apple-darwin15.6.0/6.2.0;/usr/local/Cellar/gcc/6.2.0/lib/gcc/6;/usr/lib;/usr/local/lib]
  Framework search paths: [;/Library/Frameworks/;/System/Library/Frameworks/]
  remove lib [System]
  remove lib [gcc_ext.10.5]
  remove lib [gcc]
  remove lib [System]
  collapse library dir [/opt/intel//compilers_and_libraries_2016.2.146/mac/compiler/lib] ==> [/opt/intel/compilers_and_libraries_2016.2.146/mac/compiler/lib]
  collapse library dir [/opt/intel//compilers_and_libraries_2016.2.146/mac/mkl/lib] ==> [/opt/intel/compilers_and_libraries_2016.2.146/mac/mkl/lib]
  collapse library dir [/usr/local/Cellar/gcc/6.2.0/lib/gcc/6/gcc/x86_64-apple-darwin15.6.0/6.2.0] ==> [/usr/local/Cellar/gcc/6.2.0/lib/gcc/6/gcc/x86_64-apple-darwin15.6.0/6.2.0]
  collapse library dir [/usr/local/Cellar/gcc/6.2.0/lib/gcc/6/gcc/x86_64-apple-darwin15.6.0/6.2.0/../../..] ==> [/usr/local/Cellar/gcc/6.2.0/lib/gcc/6]
  collapse library dir [/opt/intel//compilers_and_libraries_2016.2.146/mac/compiler/lib] ==> [/opt/intel/compilers_and_libraries_2016.2.146/mac/compiler/lib]
  collapse library dir [/opt/intel//compilers_and_libraries_2016.2.146/mac/mkl/lib] ==> [/opt/intel/compilers_and_libraries_2016.2.146/mac/mkl/lib]
  collapse library dir [/usr/local/Cellar/gcc/6.2.0/lib/gcc/6/gcc/x86_64-apple-darwin15.6.0/6.2.0] ==> [/usr/local/Cellar/gcc/6.2.0/lib/gcc/6/gcc/x86_64-apple-darwin15.6.0/6.2.0]
  collapse library dir [/usr/local/Cellar/gcc/6.2.0/lib/gcc/6] ==> [/usr/local/Cellar/gcc/6.2.0/lib/gcc/6]
  collapse library dir [/usr/lib] ==> [/usr/lib]
  collapse library dir [/usr/local/lib] ==> [/usr/local/lib]
  collapse framework dir [/Library/Frameworks/] ==> [/Library/Frameworks]
  collapse framework dir [/System/Library/Frameworks/] ==> [/System/Library/Frameworks]
  implicit libs: [stdc++]
  implicit dirs: [/opt/intel/compilers_and_libraries_2016.2.146/mac/compiler/lib;/opt/intel/compilers_and_libraries_2016.2.146/mac/mkl/lib;/usr/local/Cellar/gcc/6.2.0/lib/gcc/6/gcc/x86_64-apple-darwin15.6.0/6.2.0;/usr/local/Cellar/gcc/6.2.0/lib/gcc/6;/usr/lib;/usr/local/lib]
  implicit fwks: [/Library/Frameworks;/System/Library/Frameworks]




Detecting CXX [-std=c++14] compiler features compiled with the following output:
Change Dir: /Users/Romain/Gem/build/CMakeFiles/CMakeTmp

Run Build Command:"/usr/bin/make" "cmTC_59a3b/fast"
/Applications/Xcode.app/Contents/Developer/usr/bin/make -f CMakeFiles/cmTC_59a3b.dir/build.make CMakeFiles/cmTC_59a3b.dir/build
Building CXX object CMakeFiles/cmTC_59a3b.dir/feature_tests.cxx.o
/usr/local/bin/g++-6    -std=c++14 -o CMakeFiles/cmTC_59a3b.dir/feature_tests.cxx.o -c /Users/Romain/Gem/build/CMakeFiles/feature_tests.cxx
Linking CXX executable cmTC_59a3b
/Applications/CMake.app/Contents/bin/cmake -E cmake_link_script CMakeFiles/cmTC_59a3b.dir/link.txt --verbose=1
/usr/local/bin/g++-6     -Wl,-search_paths_first -Wl,-headerpad_max_install_names   CMakeFiles/cmTC_59a3b.dir/feature_tests.cxx.o  -o cmTC_59a3b  


    Feature record: CXX_FEATURE:1cxx_aggregate_default_initializers
    Feature record: CXX_FEATURE:1cxx_alias_templates
    Feature record: CXX_FEATURE:1cxx_alignas
    Feature record: CXX_FEATURE:1cxx_alignof
    Feature record: CXX_FEATURE:1cxx_attributes
    Feature record: CXX_FEATURE:1cxx_attribute_deprecated
    Feature record: CXX_FEATURE:1cxx_auto_type
    Feature record: CXX_FEATURE:1cxx_binary_literals
    Feature record: CXX_FEATURE:1cxx_constexpr
    Feature record: CXX_FEATURE:1cxx_contextual_conversions
    Feature record: CXX_FEATURE:1cxx_decltype
    Feature record: CXX_FEATURE:1cxx_decltype_auto
    Feature record: CXX_FEATURE:1cxx_decltype_incomplete_return_types
    Feature record: CXX_FEATURE:1cxx_default_function_template_args
    Feature record: CXX_FEATURE:1cxx_defaulted_functions
    Feature record: CXX_FEATURE:1cxx_defaulted_move_initializers
    Feature record: CXX_FEATURE:1cxx_delegating_constructors
    Feature record: CXX_FEATURE:1cxx_deleted_functions
    Feature record: CXX_FEATURE:1cxx_digit_separators
    Feature record: CXX_FEATURE:1cxx_enum_forward_declarations
    Feature record: CXX_FEATURE:1cxx_explicit_conversions
    Feature record: CXX_FEATURE:1cxx_extended_friend_declarations
    Feature record: CXX_FEATURE:1cxx_extern_templates
    Feature record: CXX_FEATURE:1cxx_final
    Feature record: CXX_FEATURE:1cxx_func_identifier
    Feature record: CXX_FEATURE:1cxx_generalized_initializers
    Feature record: CXX_FEATURE:1cxx_generic_lambdas
    Feature record: CXX_FEATURE:1cxx_inheriting_constructors
    Feature record: CXX_FEATURE:1cxx_inline_namespaces
    Feature record: CXX_FEATURE:1cxx_lambdas
    Feature record: CXX_FEATURE:1cxx_lambda_init_captures
    Feature record: CXX_FEATURE:1cxx_local_type_template_args
    Feature record: CXX_FEATURE:1cxx_long_long_type
    Feature record: CXX_FEATURE:1cxx_noexcept
    Feature record: CXX_FEATURE:1cxx_nonstatic_member_init
    Feature record: CXX_FEATURE:1cxx_nullptr
    Feature record: CXX_FEATURE:1cxx_override
    Feature record: CXX_FEATURE:1cxx_range_for
    Feature record: CXX_FEATURE:1cxx_raw_string_literals
    Feature record: CXX_FEATURE:1cxx_reference_qualified_functions
    Feature record: CXX_FEATURE:1cxx_relaxed_constexpr
    Feature record: CXX_FEATURE:1cxx_return_type_deduction
    Feature record: CXX_FEATURE:1cxx_right_angle_brackets
    Feature record: CXX_FEATURE:1cxx_rvalue_references
    Feature record: CXX_FEATURE:1cxx_sizeof_member
    Feature record: CXX_FEATURE:1cxx_static_assert
    Feature record: CXX_FEATURE:1cxx_strong_enums
    Feature record: CXX_FEATURE:1cxx_template_template_parameters
    Feature record: CXX_FEATURE:1cxx_thread_local
    Feature record: CXX_FEATURE:1cxx_trailing_return_types
    Feature record: CXX_FEATURE:1cxx_unicode_literals
    Feature record: CXX_FEATURE:1cxx_uniform_initialization
    Feature record: CXX_FEATURE:1cxx_unrestricted_unions
    Feature record: CXX_FEATURE:1cxx_user_literals
    Feature record: CXX_FEATURE:1cxx_variable_templates
    Feature record: CXX_FEATURE:1cxx_variadic_macros
    Feature record: CXX_FEATURE:1cxx_variadic_templates


Detecting CXX [-std=c++11] compiler features compiled with the following output:
Change Dir: /Users/Romain/Gem/build/CMakeFiles/CMakeTmp

Run Build Command:"/usr/bin/make" "cmTC_2df86/fast"
/Applications/Xcode.app/Contents/Developer/usr/bin/make -f CMakeFiles/cmTC_2df86.dir/build.make CMakeFiles/cmTC_2df86.dir/build
Building CXX object CMakeFiles/cmTC_2df86.dir/feature_tests.cxx.o
/usr/local/bin/g++-6    -std=c++11 -o CMakeFiles/cmTC_2df86.dir/feature_tests.cxx.o -c /Users/Romain/Gem/build/CMakeFiles/feature_tests.cxx
Linking CXX executable cmTC_2df86
/Applications/CMake.app/Contents/bin/cmake -E cmake_link_script CMakeFiles/cmTC_2df86.dir/link.txt --verbose=1
/usr/local/bin/g++-6     -Wl,-search_paths_first -Wl,-headerpad_max_install_names   CMakeFiles/cmTC_2df86.dir/feature_tests.cxx.o  -o cmTC_2df86  


    Feature record: CXX_FEATURE:0cxx_aggregate_default_initializers
    Feature record: CXX_FEATURE:1cxx_alias_templates
    Feature record: CXX_FEATURE:1cxx_alignas
    Feature record: CXX_FEATURE:1cxx_alignof
    Feature record: CXX_FEATURE:1cxx_attributes
    Feature record: CXX_FEATURE:0cxx_attribute_deprecated
    Feature record: CXX_FEATURE:1cxx_auto_type
    Feature record: CXX_FEATURE:0cxx_binary_literals
    Feature record: CXX_FEATURE:1cxx_constexpr
    Feature record: CXX_FEATURE:0cxx_contextual_conversions
    Feature record: CXX_FEATURE:1cxx_decltype
    Feature record: CXX_FEATURE:0cxx_decltype_auto
    Feature record: CXX_FEATURE:1cxx_decltype_incomplete_return_types
    Feature record: CXX_FEATURE:1cxx_default_function_template_args
    Feature record: CXX_FEATURE:1cxx_defaulted_functions
    Feature record: CXX_FEATURE:1cxx_defaulted_move_initializers
    Feature record: CXX_FEATURE:1cxx_delegating_constructors
    Feature record: CXX_FEATURE:1cxx_deleted_functions
    Feature record: CXX_FEATURE:0cxx_digit_separators
    Feature record: CXX_FEATURE:1cxx_enum_forward_declarations
    Feature record: CXX_FEATURE:1cxx_explicit_conversions
    Feature record: CXX_FEATURE:1cxx_extended_friend_declarations
    Feature record: CXX_FEATURE:1cxx_extern_templates
    Feature record: CXX_FEATURE:1cxx_final
    Feature record: CXX_FEATURE:1cxx_func_identifier
    Feature record: CXX_FEATURE:1cxx_generalized_initializers
    Feature record: CXX_FEATURE:0cxx_generic_lambdas
    Feature record: CXX_FEATURE:1cxx_inheriting_constructors
    Feature record: CXX_FEATURE:1cxx_inline_namespaces
    Feature record: CXX_FEATURE:1cxx_lambdas
    Feature record: CXX_FEATURE:0cxx_lambda_init_captures
    Feature record: CXX_FEATURE:1cxx_local_type_template_args
    Feature record: CXX_FEATURE:1cxx_long_long_type
    Feature record: CXX_FEATURE:1cxx_noexcept
    Feature record: CXX_FEATURE:1cxx_nonstatic_member_init
    Feature record: CXX_FEATURE:1cxx_nullptr
    Feature record: CXX_FEATURE:1cxx_override
    Feature record: CXX_FEATURE:1cxx_range_for
    Feature record: CXX_FEATURE:1cxx_raw_string_literals
    Feature record: CXX_FEATURE:1cxx_reference_qualified_functions
    Feature record: CXX_FEATURE:0cxx_relaxed_constexpr
    Feature record: CXX_FEATURE:0cxx_return_type_deduction
    Feature record: CXX_FEATURE:1cxx_right_angle_brackets
    Feature record: CXX_FEATURE:1cxx_rvalue_references
    Feature record: CXX_FEATURE:1cxx_sizeof_member
    Feature record: CXX_FEATURE:1cxx_static_assert
    Feature record: CXX_FEATURE:1cxx_strong_enums
    Feature record: CXX_FEATURE:1cxx_template_template_parameters
    Feature record: CXX_FEATURE:1cxx_thread_local
    Feature record: CXX_FEATURE:1cxx_trailing_return_types
    Feature record: CXX_FEATURE:1cxx_unicode_literals
    Feature record: CXX_FEATURE:1cxx_uniform_initialization
    Feature record: CXX_FEATURE:1cxx_unrestricted_unions
    Feature record: CXX_FEATURE:1cxx_user_literals
    Feature record: CXX_FEATURE:0cxx_variable_templates
    Feature record: CXX_FEATURE:1cxx_variadic_macros
    Feature record: CXX_FEATURE:1cxx_variadic_templates


Detecting CXX [-std=c++98] compiler features compiled with the following output:
Change Dir: /Users/Romain/Gem/build/CMakeFiles/CMakeTmp

Run Build Command:"/usr/bin/make" "cmTC_a2f62/fast"
/Applications/Xcode.app/Contents/Developer/usr/bin/make -f CMakeFiles/cmTC_a2f62.dir/build.make CMakeFiles/cmTC_a2f62.dir/build
Building CXX object CMakeFiles/cmTC_a2f62.dir/feature_tests.cxx.o
/usr/local/bin/g++-6    -std=c++98 -o CMakeFiles/cmTC_a2f62.dir/feature_tests.cxx.o -c /Users/Romain/Gem/build/CMakeFiles/feature_tests.cxx
Linking CXX executable cmTC_a2f62
/Applications/CMake.app/Contents/bin/cmake -E cmake_link_script CMakeFiles/cmTC_a2f62.dir/link.txt --verbose=1
/usr/local/bin/g++-6     -Wl,-search_paths_first -Wl,-headerpad_max_install_names   CMakeFiles/cmTC_a2f62.dir/feature_tests.cxx.o  -o cmTC_a2f62  


    Feature record: CXX_FEATURE:0cxx_aggregate_default_initializers
    Feature record: CXX_FEATURE:0cxx_alias_templates
    Feature record: CXX_FEATURE:0cxx_alignas
    Feature record: CXX_FEATURE:0cxx_alignof
    Feature record: CXX_FEATURE:0cxx_attributes
    Feature record: CXX_FEATURE:0cxx_attribute_deprecated
    Feature record: CXX_FEATURE:0cxx_auto_type
    Feature record: CXX_FEATURE:0cxx_binary_literals
    Feature record: CXX_FEATURE:0cxx_constexpr
    Feature record: CXX_FEATURE:0cxx_contextual_conversions
    Feature record: CXX_FEATURE:0cxx_decltype
    Feature record: CXX_FEATURE:0cxx_decltype_auto
    Feature record: CXX_FEATURE:0cxx_decltype_incomplete_return_types
    Feature record: CXX_FEATURE:0cxx_default_function_template_args
    Feature record: CXX_FEATURE:0cxx_defaulted_functions
    Feature record: CXX_FEATURE:0cxx_defaulted_move_initializers
    Feature record: CXX_FEATURE:0cxx_delegating_constructors
    Feature record: CXX_FEATURE:0cxx_deleted_functions
    Feature record: CXX_FEATURE:0cxx_digit_separators
    Feature record: CXX_FEATURE:0cxx_enum_forward_declarations
    Feature record: CXX_FEATURE:0cxx_explicit_conversions
    Feature record: CXX_FEATURE:0cxx_extended_friend_declarations
    Feature record: CXX_FEATURE:0cxx_extern_templates
    Feature record: CXX_FEATURE:0cxx_final
    Feature record: CXX_FEATURE:0cxx_func_identifier
    Feature record: CXX_FEATURE:0cxx_generalized_initializers
    Feature record: CXX_FEATURE:0cxx_generic_lambdas
    Feature record: CXX_FEATURE:0cxx_inheriting_constructors
    Feature record: CXX_FEATURE:0cxx_inline_namespaces
    Feature record: CXX_FEATURE:0cxx_lambdas
    Feature record: CXX_FEATURE:0cxx_lambda_init_captures
    Feature record: CXX_FEATURE:0cxx_local_type_template_args
    Feature record: CXX_FEATURE:0cxx_long_long_type
    Feature record: CXX_FEATURE:0cxx_noexcept
    Feature record: CXX_FEATURE:0cxx_nonstatic_member_init
    Feature record: CXX_FEATURE:0cxx_nullptr
    Feature record: CXX_FEATURE:0cxx_override
    Feature record: CXX_FEATURE:0cxx_range_for
    Feature record: CXX_FEATURE:0cxx_raw_string_literals
    Feature record: CXX_FEATURE:0cxx_reference_qualified_functions
    Feature record: CXX_FEATURE:0cxx_relaxed_constexpr
    Feature record: CXX_FEATURE:0cxx_return_type_deduction
    Feature record: CXX_FEATURE:0cxx_right_angle_brackets
    Feature record: CXX_FEATURE:0cxx_rvalue_references
    Feature record: CXX_FEATURE:0cxx_sizeof_member
    Feature record: CXX_FEATURE:0cxx_static_assert
    Feature record: CXX_FEATURE:0cxx_strong_enums
    Feature record: CXX_FEATURE:1cxx_template_template_parameters
    Feature record: CXX_FEATURE:0cxx_thread_local
    Feature record: CXX_FEATURE:0cxx_trailing_return_types
    Feature record: CXX_FEATURE:0cxx_unicode_literals
    Feature record: CXX_FEATURE:0cxx_uniform_initialization
    Feature record: CXX_FEATURE:0cxx_unrestricted_unions
    Feature record: CXX_FEATURE:0cxx_user_literals
    Feature record: CXX_FEATURE:0cxx_variable_templates
    Feature record: CXX_FEATURE:0cxx_variadic_macros
    Feature record: CXX_FEATURE:0cxx_variadic_templates
Performing C++ SOURCE FILE Test GEM_HAS_WERROR succeded with the following output:
Change Dir: /Users/Romain/Gem/build/CMakeFiles/CMakeTmp

Run Build Command:"/usr/bin/make" "cmTC_15036/fast"
/Applications/Xcode.app/Contents/Developer/usr/bin/make -f CMakeFiles/cmTC_15036.dir/build.make CMakeFiles/cmTC_15036.dir/build
Building CXX object CMakeFiles/cmTC_15036.dir/src.cxx.o
/usr/local/bin/g++-6    -DGEM_HAS_WERROR   -Werror -o CMakeFiles/cmTC_15036.dir/src.cxx.o -c /Users/Romain/Gem/build/CMakeFiles/CMakeTmp/src.cxx
Linking CXX executable cmTC_15036
/Applications/CMake.app/Contents/bin/cmake -E cmake_link_script CMakeFiles/cmTC_15036.dir/link.txt --verbose=1
/usr/local/bin/g++-6    -DGEM_HAS_WERROR -Wl,-search_paths_first -Wl,-headerpad_max_install_names   CMakeFiles/cmTC_15036.dir/src.cxx.o  -o cmTC_15036  

Source file was:
int main() { return 0; }
Performing C++ SOURCE FILE Test GEM_HAS_FDIAGNOSTICS_COLOR succeded with the following output:
Change Dir: /Users/Romain/Gem/build/CMakeFiles/CMakeTmp

Run Build Command:"/usr/bin/make" "cmTC_d04b7/fast"
/Applications/Xcode.app/Contents/Developer/usr/bin/make -f CMakeFiles/cmTC_d04b7.dir/build.make CMakeFiles/cmTC_d04b7.dir/build
Building CXX object CMakeFiles/cmTC_d04b7.dir/src.cxx.o
/usr/local/bin/g++-6    -DGEM_HAS_FDIAGNOSTICS_COLOR   -fdiagnostics-color -o CMakeFiles/cmTC_d04b7.dir/src.cxx.o -c /Users/Romain/Gem/build/CMakeFiles/CMakeTmp/src.cxx
Linking CXX executable cmTC_d04b7
/Applications/CMake.app/Contents/bin/cmake -E cmake_link_script CMakeFiles/cmTC_d04b7.dir/link.txt --verbose=1
/usr/local/bin/g++-6    -DGEM_HAS_FDIAGNOSTICS_COLOR -Wl,-search_paths_first -Wl,-headerpad_max_install_names   CMakeFiles/cmTC_d04b7.dir/src.cxx.o  -o cmTC_d04b7  

Source file was:
int main() { return 0; }
Performing C++ SOURCE FILE Test GEM_HAS_FTEMPLATE_BACKTRACE_LIMIT succeded with the following output:
Change Dir: /Users/Romain/Gem/build/CMakeFiles/CMakeTmp

Run Build Command:"/usr/bin/make" "cmTC_01ed1/fast"
/Applications/Xcode.app/Contents/Developer/usr/bin/make -f CMakeFiles/cmTC_01ed1.dir/build.make CMakeFiles/cmTC_01ed1.dir/build
Building CXX object CMakeFiles/cmTC_01ed1.dir/src.cxx.o
/usr/local/bin/g++-6    -DGEM_HAS_FTEMPLATE_BACKTRACE_LIMIT   -ftemplate-backtrace-limit=0 -o CMakeFiles/cmTC_01ed1.dir/src.cxx.o -c /Users/Romain/Gem/build/CMakeFiles/CMakeTmp/src.cxx
Linking CXX executable cmTC_01ed1
/Applications/CMake.app/Contents/bin/cmake -E cmake_link_script CMakeFiles/cmTC_01ed1.dir/link.txt --verbose=1
/usr/local/bin/g++-6    -DGEM_HAS_FTEMPLATE_BACKTRACE_LIMIT -Wl,-search_paths_first -Wl,-headerpad_max_install_names   CMakeFiles/cmTC_01ed1.dir/src.cxx.o  -o cmTC_01ed1  

Source file was:
int main() { return 0; }
Performing C++ SOURCE FILE Test GEM_HAS_PEDANTIC succeded with the following output:
Change Dir: /Users/Romain/Gem/build/CMakeFiles/CMakeTmp

Run Build Command:"/usr/bin/make" "cmTC_31345/fast"
/Applications/Xcode.app/Contents/Developer/usr/bin/make -f CMakeFiles/cmTC_31345.dir/build.make CMakeFiles/cmTC_31345.dir/build
Building CXX object CMakeFiles/cmTC_31345.dir/src.cxx.o
/usr/local/bin/g++-6    -DGEM_HAS_PEDANTIC   -pedantic -o CMakeFiles/cmTC_31345.dir/src.cxx.o -c /Users/Romain/Gem/build/CMakeFiles/CMakeTmp/src.cxx
Linking CXX executable cmTC_31345
/Applications/CMake.app/Contents/bin/cmake -E cmake_link_script CMakeFiles/cmTC_31345.dir/link.txt --verbose=1
/usr/local/bin/g++-6    -DGEM_HAS_PEDANTIC -Wl,-search_paths_first -Wl,-headerpad_max_install_names   CMakeFiles/cmTC_31345.dir/src.cxx.o  -o cmTC_31345  

Source file was:
int main() { return 0; }
Performing C++ SOURCE FILE Test GEM_HAS_STDCXX17 succeded with the following output:
Change Dir: /Users/Romain/Gem/build/CMakeFiles/CMakeTmp

Run Build Command:"/usr/bin/make" "cmTC_87ed7/fast"
/Applications/Xcode.app/Contents/Developer/usr/bin/make -f CMakeFiles/cmTC_87ed7.dir/build.make CMakeFiles/cmTC_87ed7.dir/build
Building CXX object CMakeFiles/cmTC_87ed7.dir/src.cxx.o
/usr/local/bin/g++-6    -DGEM_HAS_STDCXX17   -std=c++1z -o CMakeFiles/cmTC_87ed7.dir/src.cxx.o -c /Users/Romain/Gem/build/CMakeFiles/CMakeTmp/src.cxx
Linking CXX executable cmTC_87ed7
/Applications/CMake.app/Contents/bin/cmake -E cmake_link_script CMakeFiles/cmTC_87ed7.dir/link.txt --verbose=1
/usr/local/bin/g++-6    -DGEM_HAS_STDCXX17 -Wl,-search_paths_first -Wl,-headerpad_max_install_names   CMakeFiles/cmTC_87ed7.dir/src.cxx.o  -o cmTC_87ed7  

Source file was:
int main() { return 0; }
Performing C++ SOURCE FILE Test GEM_HAS_W succeded with the following output:
Change Dir: /Users/Romain/Gem/build/CMakeFiles/CMakeTmp

Run Build Command:"/usr/bin/make" "cmTC_80ef7/fast"
/Applications/Xcode.app/Contents/Developer/usr/bin/make -f CMakeFiles/cmTC_80ef7.dir/build.make CMakeFiles/cmTC_80ef7.dir/build
Building CXX object CMakeFiles/cmTC_80ef7.dir/src.cxx.o
/usr/local/bin/g++-6    -DGEM_HAS_W   -W -o CMakeFiles/cmTC_80ef7.dir/src.cxx.o -c /Users/Romain/Gem/build/CMakeFiles/CMakeTmp/src.cxx
Linking CXX executable cmTC_80ef7
/Applications/CMake.app/Contents/bin/cmake -E cmake_link_script CMakeFiles/cmTC_80ef7.dir/link.txt --verbose=1
/usr/local/bin/g++-6    -DGEM_HAS_W -Wl,-search_paths_first -Wl,-headerpad_max_install_names   CMakeFiles/cmTC_80ef7.dir/src.cxx.o  -o cmTC_80ef7  

Source file was:
int main() { return 0; }
Performing C++ SOURCE FILE Test GEM_HAS_WALL succeded with the following output:
Change Dir: /Users/Romain/Gem/build/CMakeFiles/CMakeTmp

Run Build Command:"/usr/bin/make" "cmTC_be0aa/fast"
/Applications/Xcode.app/Contents/Developer/usr/bin/make -f CMakeFiles/cmTC_be0aa.dir/build.make CMakeFiles/cmTC_be0aa.dir/build
Building CXX object CMakeFiles/cmTC_be0aa.dir/src.cxx.o
/usr/local/bin/g++-6    -DGEM_HAS_WALL   -Wall -o CMakeFiles/cmTC_be0aa.dir/src.cxx.o -c /Users/Romain/Gem/build/CMakeFiles/CMakeTmp/src.cxx
Linking CXX executable cmTC_be0aa
/Applications/CMake.app/Contents/bin/cmake -E cmake_link_script CMakeFiles/cmTC_be0aa.dir/link.txt --verbose=1
/usr/local/bin/g++-6    -DGEM_HAS_WALL -Wl,-search_paths_first -Wl,-headerpad_max_install_names   CMakeFiles/cmTC_be0aa.dir/src.cxx.o  -o cmTC_be0aa  

Source file was:
int main() { return 0; }
Performing C++ SOURCE FILE Test GEM_HAS_WEXTRA succeded with the following output:
Change Dir: /Users/Romain/Gem/build/CMakeFiles/CMakeTmp

Run Build Command:"/usr/bin/make" "cmTC_76833/fast"
/Applications/Xcode.app/Contents/Developer/usr/bin/make -f CMakeFiles/cmTC_76833.dir/build.make CMakeFiles/cmTC_76833.dir/build
Building CXX object CMakeFiles/cmTC_76833.dir/src.cxx.o
/usr/local/bin/g++-6    -DGEM_HAS_WEXTRA   -Wextra -o CMakeFiles/cmTC_76833.dir/src.cxx.o -c /Users/Romain/Gem/build/CMakeFiles/CMakeTmp/src.cxx
Linking CXX executable cmTC_76833
/Applications/CMake.app/Contents/bin/cmake -E cmake_link_script CMakeFiles/cmTC_76833.dir/link.txt --verbose=1
/usr/local/bin/g++-6    -DGEM_HAS_WEXTRA -Wl,-search_paths_first -Wl,-headerpad_max_install_names   CMakeFiles/cmTC_76833.dir/src.cxx.o  -o cmTC_76833  

Source file was:
int main() { return 0; }
Performing C++ SOURCE FILE Test GEM_HAS_WNO_UNUSED_LOCAL_TYPEDEFS succeded with the following output:
Change Dir: /Users/Romain/Gem/build/CMakeFiles/CMakeTmp

Run Build Command:"/usr/bin/make" "cmTC_97aca/fast"
/Applications/Xcode.app/Contents/Developer/usr/bin/make -f CMakeFiles/cmTC_97aca.dir/build.make CMakeFiles/cmTC_97aca.dir/build
Building CXX object CMakeFiles/cmTC_97aca.dir/src.cxx.o
/usr/local/bin/g++-6    -DGEM_HAS_WNO_UNUSED_LOCAL_TYPEDEFS   -Wno-unused-local-typedefs -o CMakeFiles/cmTC_97aca.dir/src.cxx.o -c /Users/Romain/Gem/build/CMakeFiles/CMakeTmp/src.cxx
Linking CXX executable cmTC_97aca
/Applications/CMake.app/Contents/bin/cmake -E cmake_link_script CMakeFiles/cmTC_97aca.dir/link.txt --verbose=1
/usr/local/bin/g++-6    -DGEM_HAS_WNO_UNUSED_LOCAL_TYPEDEFS -Wl,-search_paths_first -Wl,-headerpad_max_install_names   CMakeFiles/cmTC_97aca.dir/src.cxx.o  -o cmTC_97aca  

Source file was:
int main() { return 0; }
Performing C++ SOURCE FILE Test GEM_HAS_WWRITE_STRINGS succeded with the following output:
Change Dir: /Users/Romain/Gem/build/CMakeFiles/CMakeTmp

Run Build Command:"/usr/bin/make" "cmTC_0ddbf/fast"
/Applications/Xcode.app/Contents/Developer/usr/bin/make -f CMakeFiles/cmTC_0ddbf.dir/build.make CMakeFiles/cmTC_0ddbf.dir/build
Building CXX object CMakeFiles/cmTC_0ddbf.dir/src.cxx.o
/usr/local/bin/g++-6    -DGEM_HAS_WWRITE_STRINGS   -Wwrite-strings -o CMakeFiles/cmTC_0ddbf.dir/src.cxx.o -c /Users/Romain/Gem/build/CMakeFiles/CMakeTmp/src.cxx
Linking CXX executable cmTC_0ddbf
/Applications/CMake.app/Contents/bin/cmake -E cmake_link_script CMakeFiles/cmTC_0ddbf.dir/link.txt --verbose=1
/usr/local/bin/g++-6    -DGEM_HAS_WWRITE_STRINGS -Wl,-search_paths_first -Wl,-headerpad_max_install_names   CMakeFiles/cmTC_0ddbf.dir/src.cxx.o  -o cmTC_0ddbf  

Source file was:
int main() { return 0; }
Performing C++ SOURCE FILE Test GEM_HAS_CONCEPTS succeded with the following output:
Change Dir: /Users/Romain/Gem/build/CMakeFiles/CMakeTmp

Run Build Command:"/usr/bin/make" "cmTC_dea54/fast"
/Applications/Xcode.app/Contents/Developer/usr/bin/make -f CMakeFiles/cmTC_dea54.dir/build.make CMakeFiles/cmTC_dea54.dir/build
Building CXX object CMakeFiles/cmTC_dea54.dir/src.cxx.o
/usr/local/bin/g++-6    -DGEM_HAS_CONCEPTS   -fconcepts -o CMakeFiles/cmTC_dea54.dir/src.cxx.o -c /Users/Romain/Gem/build/CMakeFiles/CMakeTmp/src.cxx
Linking CXX executable cmTC_dea54
/Applications/CMake.app/Contents/bin/cmake -E cmake_link_script CMakeFiles/cmTC_dea54.dir/link.txt --verbose=1
/usr/local/bin/g++-6    -DGEM_HAS_CONCEPTS -Wl,-search_paths_first -Wl,-headerpad_max_install_names   CMakeFiles/cmTC_dea54.dir/src.cxx.o  -o cmTC_dea54  

Source file was:
int main() { return 0; }
